<?xml version="1.0" encoding="UTF-8"?>
<testsuite name="myApplication.LoginTest" tests="13" skipped="0" failures="0" errors="0" timestamp="2025-04-14T19:00:33" hostname="labAJ4H0X" time="9.397">
  <properties/>
  <testcase name="testInvalidPhoneNumberTooShort()" classname="myApplication.LoginTest" time="2.785"/>
  <testcase name="testPasswordMissingUppercase()" classname="myApplication.LoginTest" time="0.775"/>
  <testcase name="testUsernameNoUnderscore()" classname="myApplication.LoginTest" time="0.481"/>
  <testcase name="testPasswordTooShort()" classname="myApplication.LoginTest" time="0.473"/>
  <testcase name="testUsernameValid()" classname="myApplication.LoginTest" time="0.294"/>
  <testcase name="testPasswordMissingSpecialChar()" classname="myApplication.LoginTest" time="0.308"/>
  <testcase name="testPasswordMissingDigit()" classname="myApplication.LoginTest" time="0.875"/>
  <testcase name="testUsernameTooLong()" classname="myApplication.LoginTest" time="0.481"/>
  <testcase name="testPasswordMeetsComplexity()" classname="myApplication.LoginTest" time="0.576"/>
  <testcase name="testReturnLoginStatusSuccess()" classname="myApplication.LoginTest" time="0.004"/>
  <testcase name="testValidPhoneNumber()" classname="myApplication.LoginTest" time="0.804"/>
  <testcase name="testInvalidPhoneNumberMissingCode()" classname="myApplication.LoginTest" time="1.514"/>
  <testcase name="testReturnLoginStatusFailure()" classname="myApplication.LoginTest" time="0.001"/>
  <system-out><![CDATA[]]></system-out>
  <system-err><![CDATA[]]></system-err>
</testsuite>
